  Book.cpp
C:\Users\semir\Desktop\Computer Engineer II. Year\OBJECT ORIENTED PROGRAMMING\Assignment & Exercise Resources\OOP Project\2000004562_Project_OOP\Project_OOP\Project_OOP\Book.cpp(29,16): warning C4244: 'return': conversion from 'double' to 'float', possible loss of data
  Cart.cpp
  main.cpp
C:\Users\semir\Desktop\Computer Engineer II. Year\OBJECT ORIENTED PROGRAMMING\Assignment & Exercise Resources\OOP Project\2000004562_Project_OOP\Project_OOP\Project_OOP\main.cpp(38,162): warning C4305: 'argument': truncation from 'double' to 'float'
C:\Users\semir\Desktop\Computer Engineer II. Year\OBJECT ORIENTED PROGRAMMING\Assignment & Exercise Resources\OOP Project\2000004562_Project_OOP\Project_OOP\Project_OOP\main.cpp(39,152): warning C4305: 'argument': truncation from 'double' to 'float'
C:\Users\semir\Desktop\Computer Engineer II. Year\OBJECT ORIENTED PROGRAMMING\Assignment & Exercise Resources\OOP Project\2000004562_Project_OOP\Project_OOP\Project_OOP\main.cpp(40,144): warning C4305: 'argument': truncation from 'double' to 'float'
C:\Users\semir\Desktop\Computer Engineer II. Year\OBJECT ORIENTED PROGRAMMING\Assignment & Exercise Resources\OOP Project\2000004562_Project_OOP\Project_OOP\Project_OOP\main.cpp(41,152): warning C4305: 'argument': truncation from 'double' to 'float'
C:\Users\semir\Desktop\Computer Engineer II. Year\OBJECT ORIENTED PROGRAMMING\Assignment & Exercise Resources\OOP Project\2000004562_Project_OOP\Project_OOP\Project_OOP\main.cpp(42,146): warning C4305: 'argument': truncation from 'double' to 'float'
C:\Users\semir\Desktop\Computer Engineer II. Year\OBJECT ORIENTED PROGRAMMING\Assignment & Exercise Resources\OOP Project\2000004562_Project_OOP\Project_OOP\Project_OOP\main.cpp(46,158): warning C4305: 'argument': truncation from 'double' to 'float'
C:\Users\semir\Desktop\Computer Engineer II. Year\OBJECT ORIENTED PROGRAMMING\Assignment & Exercise Resources\OOP Project\2000004562_Project_OOP\Project_OOP\Project_OOP\main.cpp(46,158): warning C4305: 'argument': truncation from '__int64' to 'int'
C:\Users\semir\Desktop\Computer Engineer II. Year\OBJECT ORIENTED PROGRAMMING\Assignment & Exercise Resources\OOP Project\2000004562_Project_OOP\Project_OOP\Project_OOP\main.cpp(46,44): warning C4309: 'argument': truncation of constant value
C:\Users\semir\Desktop\Computer Engineer II. Year\OBJECT ORIENTED PROGRAMMING\Assignment & Exercise Resources\OOP Project\2000004562_Project_OOP\Project_OOP\Project_OOP\main.cpp(47,159): warning C4305: 'argument': truncation from '__int64' to 'int'
C:\Users\semir\Desktop\Computer Engineer II. Year\OBJECT ORIENTED PROGRAMMING\Assignment & Exercise Resources\OOP Project\2000004562_Project_OOP\Project_OOP\Project_OOP\main.cpp(47,39): warning C4309: 'argument': truncation of constant value
C:\Users\semir\Desktop\Computer Engineer II. Year\OBJECT ORIENTED PROGRAMMING\Assignment & Exercise Resources\OOP Project\2000004562_Project_OOP\Project_OOP\Project_OOP\main.cpp(48,224): warning C4305: 'argument': truncation from '__int64' to 'int'
C:\Users\semir\Desktop\Computer Engineer II. Year\OBJECT ORIENTED PROGRAMMING\Assignment & Exercise Resources\OOP Project\2000004562_Project_OOP\Project_OOP\Project_OOP\main.cpp(48,208): warning C4309: 'argument': truncation of constant value
C:\Users\semir\Desktop\Computer Engineer II. Year\OBJECT ORIENTED PROGRAMMING\Assignment & Exercise Resources\OOP Project\2000004562_Project_OOP\Project_OOP\Project_OOP\main.cpp(48,224): warning C4305: 'argument': truncation from 'double' to 'float'
C:\Users\semir\Desktop\Computer Engineer II. Year\OBJECT ORIENTED PROGRAMMING\Assignment & Exercise Resources\OOP Project\2000004562_Project_OOP\Project_OOP\Project_OOP\main.cpp(49,106): warning C4566: character represented by universal-character-name '\u0130' cannot be represented in the current code page (1252)
C:\Users\semir\Desktop\Computer Engineer II. Year\OBJECT ORIENTED PROGRAMMING\Assignment & Exercise Resources\OOP Project\2000004562_Project_OOP\Project_OOP\Project_OOP\main.cpp(49,174): warning C4305: 'argument': truncation from '__int64' to 'int'
C:\Users\semir\Desktop\Computer Engineer II. Year\OBJECT ORIENTED PROGRAMMING\Assignment & Exercise Resources\OOP Project\2000004562_Project_OOP\Project_OOP\Project_OOP\main.cpp(49,158): warning C4309: 'argument': truncation of constant value
C:\Users\semir\Desktop\Computer Engineer II. Year\OBJECT ORIENTED PROGRAMMING\Assignment & Exercise Resources\OOP Project\2000004562_Project_OOP\Project_OOP\Project_OOP\main.cpp(49,42): warning C4309: 'argument': truncation of constant value
C:\Users\semir\Desktop\Computer Engineer II. Year\OBJECT ORIENTED PROGRAMMING\Assignment & Exercise Resources\OOP Project\2000004562_Project_OOP\Project_OOP\Project_OOP\main.cpp(50,159): warning C4305: 'argument': truncation from '__int64' to 'int'
C:\Users\semir\Desktop\Computer Engineer II. Year\OBJECT ORIENTED PROGRAMMING\Assignment & Exercise Resources\OOP Project\2000004562_Project_OOP\Project_OOP\Project_OOP\main.cpp(50,146): warning C4309: 'argument': truncation of constant value
C:\Users\semir\Desktop\Computer Engineer II. Year\OBJECT ORIENTED PROGRAMMING\Assignment & Exercise Resources\OOP Project\2000004562_Project_OOP\Project_OOP\Project_OOP\main.cpp(50,159): warning C4305: 'argument': truncation from 'double' to 'float'
C:\Users\semir\Desktop\Computer Engineer II. Year\OBJECT ORIENTED PROGRAMMING\Assignment & Exercise Resources\OOP Project\2000004562_Project_OOP\Project_OOP\Project_OOP\main.cpp(50,26): warning C4309: 'argument': truncation of constant value
C:\Users\semir\Desktop\Computer Engineer II. Year\OBJECT ORIENTED PROGRAMMING\Assignment & Exercise Resources\OOP Project\2000004562_Project_OOP\Project_OOP\Project_OOP\main.cpp(56,90): warning C4305: 'argument': truncation from 'double' to 'float'
C:\Users\semir\Desktop\Computer Engineer II. Year\OBJECT ORIENTED PROGRAMMING\Assignment & Exercise Resources\OOP Project\2000004562_Project_OOP\Project_OOP\Project_OOP\main.cpp(57,96): warning C4305: 'argument': truncation from 'double' to 'float'
C:\Users\semir\Desktop\Computer Engineer II. Year\OBJECT ORIENTED PROGRAMMING\Assignment & Exercise Resources\OOP Project\2000004562_Project_OOP\Project_OOP\Project_OOP\main.cpp(58,96): warning C4305: 'argument': truncation from 'double' to 'float'
C:\Users\semir\Desktop\Computer Engineer II. Year\OBJECT ORIENTED PROGRAMMING\Assignment & Exercise Resources\OOP Project\2000004562_Project_OOP\Project_OOP\Project_OOP\main.cpp(456,50): warning C4244: 'argument': conversion from 'int' to 'float', possible loss of data
C:\Users\semir\Desktop\Computer Engineer II. Year\OBJECT ORIENTED PROGRAMMING\Assignment & Exercise Resources\OOP Project\2000004562_Project_OOP\Project_OOP\Project_OOP\main.cpp(510,50): warning C4244: 'argument': conversion from 'int' to 'float', possible loss of data
C:\Users\semir\Desktop\Computer Engineer II. Year\OBJECT ORIENTED PROGRAMMING\Assignment & Exercise Resources\OOP Project\2000004562_Project_OOP\Project_OOP\Project_OOP\main.cpp(564,50): warning C4244: 'argument': conversion from 'int' to 'float', possible loss of data
  Movie.cpp
C:\Users\semir\Desktop\Computer Engineer II. Year\OBJECT ORIENTED PROGRAMMING\Assignment & Exercise Resources\OOP Project\2000004562_Project_OOP\Project_OOP\Project_OOP\Movie.cpp(48,16): warning C4244: 'return': conversion from 'double' to 'float', possible loss of data
  Music.cpp
C:\Users\semir\Desktop\Computer Engineer II. Year\OBJECT ORIENTED PROGRAMMING\Assignment & Exercise Resources\OOP Project\2000004562_Project_OOP\Project_OOP\Project_OOP\Music.cpp(25,16): warning C4244: 'return': conversion from 'double' to 'float', possible loss of data
  Product.cpp
C:\Users\semir\Desktop\Computer Engineer II. Year\OBJECT ORIENTED PROGRAMMING\Assignment & Exercise Resources\OOP Project\2000004562_Project_OOP\Project_OOP\Project_OOP\Product.cpp(22,10): warning C4244: '=': conversion from 'double' to 'float', possible loss of data
  Generating Code...
  Project_OOP.vcxproj -> C:\Users\semir\Desktop\Computer Engineer II. Year\OBJECT ORIENTED PROGRAMMING\Assignment & Exercise Resources\OOP Project\2000004562_Project_OOP\Project_OOP\x64\Debug\Project_OOP.exe
